Base path: /Applications/Unity/Unity.app/Contents
Cmd: initializeCompiler
Cmd: preprocess
  insize=888 outsize=322 ok=1
Cmd: preprocess
  insize=754 outsize=337 ok=1
Cmd: preprocess
  insize=26270 outsize=5599 ok=1
Cmd: preprocess
  insize=8515 outsize=1416 ok=1
Cmd: preprocess
  insize=6027 outsize=985 ok=1
Cmd: preprocess
  insize=2369 outsize=665 ok=1
Cmd: preprocess
  insize=412 outsize=409 ok=1
Cmd: preprocess
  insize=942 outsize=468 ok=1
Cmd: preprocess
  insize=1224 outsize=357 ok=1
Cmd: preprocess
  insize=22393 outsize=3778 ok=1
Cmd: preprocess
  insize=29546 outsize=7126 ok=1
Cmd: preprocess
  insize=9923 outsize=2796 ok=1
Cmd: preprocess
  insize=19397 outsize=1620 ok=1
Cmd: preprocess
  insize=11241 outsize=4027 ok=1
Cmd: preprocess
  insize=21119 outsize=1729 ok=1
Cmd: preprocess
  insize=514 outsize=1317 ok=1
Cmd: preprocess
  insize=24616 outsize=6668 ok=1
Cmd: preprocess
  insize=20691 outsize=1626 ok=1
Cmd: preprocess
  insize=1069 outsize=1436 ok=1
Cmd: preprocess
  insize=995 outsize=314 ok=1
Cmd: preprocess
  insize=2326 outsize=969 ok=1
Cmd: preprocess
  insize=826 outsize=398 ok=1
Cmd: preprocess
  insize=25399 outsize=2043 ok=1
Cmd: preprocess
  insize=681 outsize=1136 ok=1
Cmd: preprocess
  insize=561 outsize=231 ok=1
Cmd: preprocess
  insize=24258 outsize=5023 ok=1
Cmd: preprocess
  insize=1749 outsize=572 ok=1
Cmd: preprocess
  insize=797 outsize=438 ok=1
Cmd: preprocess
  insize=24403 outsize=4839 ok=1
Cmd: preprocess
  insize=1009 outsize=449 ok=1
Cmd: preprocess
  insize=22517 outsize=1846 ok=1
Cmd: preprocess
  insize=33558 outsize=9574 ok=1
Cmd: preprocess
  insize=1460 outsize=399 ok=1
Cmd: preprocess
  insize=25417 outsize=5809 ok=1
Cmd: preprocess
  insize=5130 outsize=3778 ok=1
Cmd: preprocess
  insize=22502 outsize=1714 ok=1
Cmd: preprocess
  insize=894 outsize=358 ok=1
Cmd: preprocess
  insize=21679 outsize=3993 ok=1
Cmd: preprocess
  insize=1597 outsize=422 ok=1
Cmd: preprocess
  insize=25280 outsize=5575 ok=1
Cmd: preprocess
  insize=1525 outsize=387 ok=1
Cmd: preprocess
  insize=977 outsize=349 ok=1
Cmd: preprocess
  insize=23714 outsize=1465 ok=1
Cmd: preprocess
  insize=19172 outsize=1394 ok=1
Cmd: compileSnippet
  api=14 type=0 insize=807 outsize=2555 kw=_EMISSION pd=UNITY_ENABLE_REFLECTION_BUFFERS UNITY_USE_DITHER_MASK_FOR_ALPHABLENDED_SHADOWS UNITY_PBS_USE_BRDF1 UNITY_SPECCUBE_BOX_PROJECTION UNITY_SPECCUBE_BLENDING UNITY_ENABLE_DETAIL_NORMALMAP SHADER_API_DESKTOP UNITY_COLORSPACE_GAMMA UNITY_LIGHT_PROBE_PROXY_VOLUME UNITY_LIGHTMAP_FULL_HDR ok=1
Cmd: compileSnippet
  api=14 type=1 insize=807 outsize=2942 kw=_EMISSION pd=UNITY_ENABLE_REFLECTION_BUFFERS UNITY_USE_DITHER_MASK_FOR_ALPHABLENDED_SHADOWS UNITY_PBS_USE_BRDF1 UNITY_SPECCUBE_BOX_PROJECTION UNITY_SPECCUBE_BLENDING UNITY_ENABLE_DETAIL_NORMALMAP SHADER_API_DESKTOP UNITY_COLORSPACE_GAMMA UNITY_LIGHT_PROBE_PROXY_VOLUME UNITY_LIGHTMAP_FULL_HDR ok=1
